* 0.498907:*:cli:run!: doom install
* 0.498972:*:cli:context-parse: found command (doom)
* 0.499168:*:cli:load: autoload /var/home/ashahid/.config/emacs/lisp/cli/install.el
* 0.499198:*:cli:load: /var/home/ashahid/.config/emacs/lisp/cli/install.el nil
* 0.499348:*:cli:load: /var/home/ashahid/.config/emacs/lisp/cli/packages nil
* 0.504410:*:cli:context-parse: found command (doom install)
* 0.504612:*:cli:context-execute: doom install
* 0.504820:*:cli:execute: (:before) ((input) (context . #s(doom-cli-context (26185 28140 821309 512000) 25446 0 (137 . 65) nil nil doom nil nil (doom install) nil (install) ((--hooks) (--fonts) (--install) (--env) (--config) (--eval) (-E) (--strict-load) (--load) (-L) (--color) (--benchmark) (--profile) (--pager) (--emacsdir) (--doomdir) (--verbose) (-v) (--debug) (-D) (--force) (-!)) ((t) ((doom install)) ((doom) install))  *doom-cli stdin*  *doom-cli stdout*  *doom-cli stderr* nil)) (_) (evals) (loads) (color?) (bench?) (profile) (pager) (emacsdir) (doomdir) (verbose?) (debug?) (force?))
* 0.504856:*:cli:execute: (doom install) ((context . #s(doom-cli-context (26185 28140 821309 512000) 25446 0 (137 . 65) nil nil doom nil nil (doom install) nil (install) ((--hooks) (--fonts) (--install) (--env) (--config) (--eval) (-E) (--strict-load) (--load) (-L) (--color) (--benchmark) (--profile) (--pager) (--emacsdir) (--doomdir) (--verbose) (-v) (--debug) (-D) (--force) (-!)) ((t) ((doom install)) ((doom) install))  *doom-cli stdin*  *doom-cli stdout*  *doom-cli stderr* nil)) (hooks? . :yes) (fonts? . :yes) (install? . :yes) (envfile? . :yes) (config? . :yes))
Installing Doom Emacs!

✓ Created ~/.config/doom/
  - Creating ~/.config/doom/init.el...
  ✓ Done!
  - Creating ~/.config/doom/config.el...
  ✓ Done!
  - Creating ~/.config/doom/packages.el...
  ✓ Done!
* 0.524221:*:cli:load: ~/.config/doom/init.el t
* 2.408309:*:cli:call: (doom install) -> (doom env)
* 2.408554:*:cli:context-parse: found command (doom)
* 2.408953:*:cli:load: autoload /var/home/ashahid/.config/emacs/lisp/cli/env.el
* 2.408985:*:cli:load: /var/home/ashahid/.config/emacs/lisp/cli/env.el nil
* 2.410543:*:cli:context-parse: found command (doom env)
* 2.410733:*:cli:context-execute: doom env
* 2.410910:*:cli:execute: (:before) ((input) (context . #s(doom-cli-context (26185 28140 821309 512000) 25446 0 (137 . 65) nil nil doom nil nil (doom env) nil (install) ((--deny) (-d) (--allow) (-a) (-o) (--deny-all) (--allow-all) (--hooks) (--fonts) (--install) (--env) (--config) (--eval) (-E) (--strict-load) (--load) (-L) (--color) (--benchmark) (--profile) (--pager) (--emacsdir) (--doomdir) (--verbose) (-v) (--debug) (-D) (--force) (-!)) ((t) ((doom env)) ((doom) env))  *doom-cli stdin*  *doom-cli stdout*  *doom-cli stderr* nil)) (_) (evals) (loads) (color?) (bench?) (profile) (pager) (emacsdir) (doomdir) (verbose?) (debug?) (force?))
* 2.410945:*:cli:execute: (doom env) ((rules) (output-file) (deny-only) (allow-only))
> Generating envvars file
  * 2.411280:*:cli:cli:env: deny DBUS_SESSION_BUS_ADDRESS
  * 2.411410:*:cli:cli:env: deny XDG_RUNTIME_DIR
  * 2.411533:*:cli:cli:env: deny SHLVL
  * 2.411569:*:cli:cli:env: deny DISPLAY
  * 2.411615:*:cli:cli:env: deny USER
  * 2.411653:*:cli:cli:env: deny __DOOMPID
  * 2.411685:*:cli:cli:env: deny TERM
  * 2.411716:*:cli:cli:env: deny XDG_SESSION_CLASS
  * 2.411840:*:cli:cli:env: deny WAYLAND_DISPLAY
  * 2.411920:*:cli:cli:env: deny XDG_CURRENT_DESKTOP
  * 2.411954:*:cli:cli:env: deny __DOOMGPIPE
  * 2.412024:*:cli:cli:env: deny HOME
  * 2.412102:*:cli:cli:env: deny XAUTHORITY
  * 2.412182:*:cli:cli:env: deny XDG_SESSION_TYPE
  * 2.412252:*:cli:cli:env: deny PWD
  * 2.412312:*:cli:cli:env: deny __DOOMSTEP
  * 2.412355:*:cli:cli:env: deny __DOOMGEOM
  * 2.412491:*:cli:cli:env: deny SSH_AUTH_SOCK
  * 2.412530:*:cli:cli:env: deny __DOOMPIPE
  ✓ Generated /var/home/ashahid/.config/emacs/.local/env
Installing plugins
* 2.413760:*:cli:Initializing straight
* 2.413807::context: +packages (cli t)
* 2.413832::context:module: =[0 -110 -110 :core nil nil nil]
> Installing straight...
* 4.559770:*:cli:Initializing recipes
* 22.112838:*:cli:Installing core packages
* 23.942882:*:cli:Initializing package.el
* 23.975796:*:cli:Initializing straight.el
* 23.975941::context: +packages (cli t)
* 23.975970::context:module: =[1 105 -105 :user nil nil nil]
* 23.975997::context:module: =[2 -111 -111 :config use-package nil nil]
* 23.976322::context:module: =[0 -110 -110 :core nil nil nil]
* 23.980234::context:module: =[1 105 -105 :user nil nil nil]
* 23.980307::context:module: =[3 0 0 :completion company nil nil]
* 23.980986::context:module: =[4 0 0 :completion vertico nil nil]
* 23.983053::context:module: =[5 0 0 :ui doom nil nil]
* 23.983623::context:module: =[6 0 0 :ui doom-dashboard nil nil]
* 23.983699::context:module: =[7 0 0 :ui hl-todo nil nil]
* 23.984034::context:module: =[8 0 0 :ui modeline nil nil]
* 23.984745::context:module: =[9 0 0 :ui ophints nil nil]
* 23.985152::context:module: =[10 0 0 :ui popup (+defaults) nil]
* 23.985193::context:module: =[11 0 0 :ui vc-gutter (+pretty) nil]
* 23.985536::context:module: =[12 0 0 :ui vi-tilde-fringe nil nil]
* 23.985820::context:module: =[13 0 0 :ui workspaces nil nil]
* 23.986071::context:module: =[14 0 0 :editor evil (+everywhere) nil]
* 23.988928::context:module: =[15 0 0 :editor file-templates nil nil]
* 23.989250::context:module: =[16 0 0 :editor fold nil nil]
* 23.989944::context:module: =[17 0 0 :editor snippets nil nil]
* 23.990461::context:module: =[18 0 0 :emacs dired nil nil]
* 23.991669::context:module: =[19 0 0 :emacs electric nil nil]
* 23.991724::context:module: =[20 0 0 :emacs undo nil nil]
* 23.992530::context:module: =[21 0 0 :emacs vc nil nil]
* 23.993743::context:module: =[22 0 0 :checkers syntax nil nil]
* 23.994454::context:module: =[23 0 0 :tools eval (+overlay) nil]
* 23.994826::context:module: =[24 0 0 :tools lookup nil nil]
* 23.996157::context:module: =[25 0 0 :tools magit nil nil]
* 23.996775::context:module: =[26 0 0 :lang emacs-lisp nil nil]
* 23.998098::context:module: =[27 0 0 :lang markdown nil nil]
* 23.998910::context:module: =[28 0 0 :lang org nil nil]
* 24.004591::context:module: =[29 0 0 :lang sh nil nil]
* 24.005343::context:module: =[30 0 0 :config default (+bindings +smartparens) nil]
* 24.006255::context:module: =[1 105 -105 :user nil nil nil]
> Ensuring packages are installed and built...
  > Updating recipe repos...
    > Updating recipes for melpa...
    > Updating recipes for nongnu-elpa...
    > Updating recipes for gnu-elpa-mirror...
    > Updating recipes for el-get...
    > Updating recipes for emacsmirror-mirror...
  > Cloning link-hint.el...
    - Checked out 9153eafc776549376bb85d9ff555fef83aca8285
  > Building link-hint...
  > Building link-hint > Cloning avy...
    - Checked out be612110cb116a38b8603df367942e2bb3d9bdbe
  > Building link-hint > Building avy...
    INFO     Scraping files for loaddefs... 
    INFO     Scraping files for loaddefs...done
    GEN      avy-autoloads.el
  > Building link-hint...
    INFO     Scraping files for loaddefs... 
    INFO     Scraping files for loaddefs...done
    GEN      link-hint-autoloads.el
  > Cloning drag-stuff.el...
    - Checked out 6d06d846cd37c052d79acd0f372c13006aa7e7c8
  > Building drag-stuff...
    INFO     Scraping files for loaddefs... 
    INFO     Scraping files for loaddefs...done
    GEN      drag-stuff-autoloads.el
  > Cloning company-shell...
    - Pinned to 5f959a63a6e66eb0cbdac3168cad523a62cc2ccd
  > Building company-shell...
  > Building company-shell > Cloning company-mode (for company)...
    - Pinned to 5f959a63a6e66eb0cbdac3168cad523a62cc2ccd
  > Building company-shell > Building company...
    INFO     Scraping files for loaddefs... 
    INFO     Scraping files for loaddefs...done
    GEN      company-autoloads.el
  > Building company-shell > Cloning dash.el...
    - Pinned to 5f959a63a6e66eb0cbdac3168cad523a62cc2ccd
  > Building company-shell > Building dash...
    INFO     Scraping files for loaddefs... 
    INFO     Scraping files for loaddefs...done
    GEN      dash-autoloads.el
  > Building company-shell...
    INFO     Scraping files for loaddefs... 
    INFO     Scraping files for loaddefs...done
    GEN      company-shell-autoloads.el
  > Cloning ob-async...
    - Pinned to 9aac486073f5c356ada20e716571be33a350a982
  > Building ob-async...
  > Building ob-async > Cloning emacs-async...
    - Pinned to 9aac486073f5c356ada20e716571be33a350a982
  > Building ob-async > Building async...
    INFO     Scraping files for loaddefs... 
    INFO     Scraping files for loaddefs...done
    GEN      async-autoloads.el
  > Building ob-async > Cloning org...
    - Pinned to 9aac486073f5c356ada20e716571be33a350a982
  > Building ob-async > Building org...
    INFO     Scraping files for loaddefs... 
    INFO     Scraping files for loaddefs...done
    GEN      org-loaddefs.el
    GEN      org-autoloads.el
  > Building ob-async...
    INFO     Scraping files for loaddefs... 
    INFO     Scraping files for loaddefs...done
    GEN      ob-async-autoloads.el
  > Cloning orgit...
    - Pinned to a57beefa24712430fe6b5016b9273129931a8287
  > Building orgit...
  > Building orgit > Cloning compat...
    - Pinned to a57beefa24712430fe6b5016b9273129931a8287
  > Building orgit > Building compat...
  > Building orgit > Building compat > Cloning seq...
    - Pinned to a57beefa24712430fe6b5016b9273129931a8287
  > Building orgit > Building compat > Building seq...
    INFO     Scraping files for loaddefs... 
    INFO     Scraping files for loaddefs...done
    GEN      seq-autoloads.el
  > Building orgit > Building compat...
    INFO     Scraping files for loaddefs... 
    INFO     Scraping files for loaddefs...done
  > Building orgit > Cloning magit...
    - Pinned to a57beefa24712430fe6b5016b9273129931a8287
  > Building orgit > Building magit...
  > Building orgit > Building magit > Building git-commit...
  > Building orgit > Building magit > Building git-commit > Cloning transient...
    - Pinned to a57beefa24712430fe6b5016b9273129931a8287
  > Building orgit > Building magit > Building git-commit > Building transient...
    INFO     Scraping files for loaddefs... 
    INFO     Scraping files for loaddefs...done
    GEN      transient-autoloads.el
  > Building orgit > Building magit > Building git-commit > Cloning with-editor...
    - Pinned to a57beefa24712430fe6b5016b9273129931a8287
  > Building orgit > Building magit > Building git-commit > Building with-editor...
    INFO     Scraping files for loaddefs... 
    INFO     Scraping files for loaddefs...done
    GEN      with-editor-autoloads.el
  > Building orgit > Building magit > Building git-commit...
    INFO     Scraping files for loaddefs... 
    INFO     Scraping files for loaddefs...done
    GEN      git-commit-autoloads.el
  > Building orgit > Building magit > Building magit-section...
    INFO     Scraping files for loaddefs... 
    INFO     Scraping files for loaddefs...done
  > Building orgit > Building magit...
    INFO     Scraping files for loaddefs... 
    INFO     Scraping files for loaddefs...done
    GEN      magit-autoloads.el
  > Building orgit...
    INFO     Scraping files for loaddefs... 
    INFO     Scraping files for loaddefs...done
    GEN      orgit-autoloads.el
  > Cloning evil-org-mode (for evil-org)...
    - Checked out a9706da260c45b98601bcd72b1d2c0a24a017700
  > Building evil-org...
  > Building evil-org > Cloning evil...
    - Checked out 0251080640e0da6f0eec2b7d8dd70e9c9b9915d7
  > Building evil-org > Building evil...
  > Building evil-org > Building evil > Cloning goto-chg...
  > Building evil-org > Building evil > Building goto-chg...
    INFO     Scraping files for loaddefs... 
    INFO     Scraping files for loaddefs...done
    GEN      goto-chg-autoloads.el
  > Building evil-org > Building evil...
    INFO     Scraping files for loaddefs... 
    INFO     Scraping files for loaddefs...done
    GEN      evil-autoloads.el
  > Building evil-org...
    INFO     Scraping files for loaddefs... 
    INFO     Scraping files for loaddefs...done
    GEN      evil-org-autoloads.el
  > Cloning org-cliplink...
    - Pinned to 13e0940b65d22bec34e2de4bc8cba1412a7abfbc
  > Building org-cliplink...
    INFO     Scraping files for loaddefs... 
    INFO     Scraping files for loaddefs...done
    GEN      org-cliplink-autoloads.el
  > Cloning toc-org...
    - Pinned to 6d3ae0fc47ce79b1ea06cabe21a3c596395409cd
  > Building toc-org...
    INFO     Scraping files for loaddefs... 
    INFO     Scraping files for loaddefs...done
    GEN      toc-org-autoloads.el
  > Cloning ox-clip...
    - Pinned to a549cc8e1747beb6b7e567ffac27e31ba45cb8e8
  > Building ox-clip...
  > Building ox-clip > Cloning emacs-htmlize...
    - Pinned to a549cc8e1747beb6b7e567ffac27e31ba45cb8e8
  > Building ox-clip > Building htmlize...
    INFO     Scraping files for loaddefs... 
    INFO     Scraping files for loaddefs...done
    GEN      htmlize-autoloads.el
  > Building ox-clip...
    INFO     Scraping files for loaddefs... 
    INFO     Scraping files for loaddefs...done
    GEN      ox-clip-autoloads.el
  > Cloning org-yt...
    - Pinned to 56166f48e04d83668f70ed84706b7a4d8b1e5438
  > Building org-yt...
    INFO     Scraping files for loaddefs... 
    INFO     Scraping files for loaddefs...done
  > Cloning org-contrib...
    - Pinned to d4056ce5d5611e1c971c151f182a2d407226fdb1
  > Building org-contrib...
    INFO     Scraping files for loaddefs... 
    INFO     Scraping files for loaddefs...done
    GEN      org-contrib-autoloads.el
  > Cloning evil-markdown...
    - Pinned to 8e6cc68af83914b2fa9fd3a3b8472573dbcef477
  > Building evil-markdown...
    INFO     Scraping files for loaddefs... 
    INFO     Scraping files for loaddefs...done
    GEN      evil-markdown-autoloads.el
  > Cloning edit-indirect...
    - Pinned to 82a28d8a85277cfe453af464603ea330eae41c05
  > Building edit-indirect...
    INFO     Scraping files for loaddefs... 
    INFO     Scraping files for loaddefs...done
    GEN      edit-indirect-autoloads.el
  > Cloning markdown-toc...
    - Pinned to 3d724e518a897343b5ede0b976d6fb46c46bcc01
  > Building markdown-toc...
  > Building markdown-toc > Cloning s.el...
    - Pinned to 3d724e518a897343b5ede0b976d6fb46c46bcc01
  > Building markdown-toc > Building s...
    INFO     Scraping files for loaddefs... 
    INFO     Scraping files for loaddefs...done
  > Building markdown-toc > Cloning markdown-mode...
    - Pinned to 3d724e518a897343b5ede0b976d6fb46c46bcc01
  > Building markdown-toc > Building markdown-mode...
    INFO     Scraping files for loaddefs... 
    INFO     Scraping files for loaddefs...done
    GEN      markdown-mode-autoloads.el
  > Building markdown-toc...
    INFO     Scraping files for loaddefs... 
    INFO     Scraping files for loaddefs...done
    GEN      markdown-toc-autoloads.el
  > Cloning emacs-buttercup...
    - Checked out 24d43b2ce262faf59e5ff9f72466efb293aa6154
  > Building buttercup...
    INFO     Scraping files for loaddefs... 
    INFO     Scraping files for loaddefs...done
    GEN      buttercup-autoloads.el
  > Cloning flycheck-cask...
    - Pinned to 0eeec5197e9d31bfcfc39380b262d65259a87d91
  > Building flycheck-cask...
  > Building flycheck-cask > Cloning flycheck...
    - Pinned to 0eeec5197e9d31bfcfc39380b262d65259a87d91
  > Building flycheck-cask > Building flycheck...
    INFO     Scraping files for loaddefs... 
    INFO     Scraping files for loaddefs...done
    GEN      flycheck-autoloads.el
  > Building flycheck-cask...
    INFO     Scraping files for loaddefs... 
    INFO     Scraping files for loaddefs...done
    GEN      flycheck-cask-autoloads.el
  > Cloning flycheck-package...
    - Pinned to 75efa098cf17dc14c363e2ca9b68afdac7766b5b
  > Building flycheck-package...
  > Building flycheck-package > Cloning package-lint...
    - Pinned to 75efa098cf17dc14c363e2ca9b68afdac7766b5b
  > Building flycheck-package > Building package-lint...
    INFO     Scraping files for loaddefs... 
    INFO     Scraping files for loaddefs...done
    GEN      package-lint-autoloads.el
  > Building flycheck-package...
    INFO     Scraping files for loaddefs... 
    INFO     Scraping files for loaddefs...done
    GEN      flycheck-package-autoloads.el
  > Cloning elisp-demos...
    - Pinned to 1a108d1c5011f9ced58be2ca98bea1fbd4130a2f
  > Building elisp-demos...
    INFO     Scraping files for loaddefs... 
    INFO     Scraping files for loaddefs...done
    GEN      elisp-demos-autoloads.el
  > Cloning elisp-def...
    - Pinned to 1ad4baccbf3d0d13e7607d332ae6bc60a5dd7360
  > Building elisp-def...
  > Building elisp-def > Cloning f.el...
    - Pinned to 1ad4baccbf3d0d13e7607d332ae6bc60a5dd7360
  > Building elisp-def > Building f...
    INFO     Scraping files for loaddefs... 
    INFO     Scraping files for loaddefs...done
  > Building elisp-def...
    INFO     Scraping files for loaddefs... 
    INFO     Scraping files for loaddefs...done
    GEN      elisp-def-autoloads.el
  > Cloning overseer.el...
    - Checked out 7fdcf1a6fba6b1569a09c1666b4e51bcde266ed9
  > Building overseer...
  > Building overseer > Cloning pkg-info...
  > Building overseer > Building pkg-info...
  > Building overseer > Building pkg-info > Cloning epl...
  > Building overseer > Building pkg-info > Building epl...
    INFO     Scraping files for loaddefs... 
    INFO     Scraping files for loaddefs...done
  > Building overseer > Building pkg-info...
    INFO     Scraping files for loaddefs... 
    INFO     Scraping files for loaddefs...done
    GEN      pkg-info-autoloads.el
  > Building overseer...
    INFO     Scraping files for loaddefs... 
    INFO     Scraping files for loaddefs...done
    GEN      overseer-autoloads.el
  > Cloning macrostep...
    - Pinned to 0b04a89f698c335c9ea492553470a8d45c113edd
  > Building macrostep...
    INFO     Scraping files for loaddefs... 
    INFO     Scraping files for loaddefs...done
    GEN      macrostep-autoloads.el
  > Cloning highlight-quoted...
    - Pinned to 24103478158cd19fbcfb4339a3f1fa1f054f1469
  > Building highlight-quoted...
    INFO     Scraping files for loaddefs... 
    INFO     Scraping files for loaddefs...done
    GEN      highlight-quoted-autoloads.el
  > Cloning magit-todos...
    - Pinned to 332ce763f7336ea356964b92723678aa1ed4640f
  > Building magit-todos...
  > Building magit-todos > Cloning hl-todo...
    - Pinned to 332ce763f7336ea356964b92723678aa1ed4640f
  > Building magit-todos > Building hl-todo...
    INFO     Scraping files for loaddefs... 
    INFO     Scraping files for loaddefs...done
    GEN      hl-todo-autoloads.el
  > Building magit-todos > Cloning pcre2el...
    - Pinned to 332ce763f7336ea356964b92723678aa1ed4640f
  > Building magit-todos > Building pcre2el...
    INFO     Scraping files for loaddefs... 
    INFO     Scraping files for loaddefs...done
    GEN      pcre2el-autoloads.el
  > Building magit-todos...
    INFO     Scraping files for loaddefs... 
    INFO     Scraping files for loaddefs...done
    GEN      magit-todos-autoloads.el
  > Cloning emacs-request...
    - Checked out 01e338c335c07e4407239619e57361944a82cb8a
  > Building request...
    INFO     Scraping files for loaddefs... 
    INFO     Scraping files for loaddefs...done
    GEN      request-autoloads.el
  > Cloning dumb-jump...
    - Pinned to ede6a04187e79a29ef31d14760ac0d8d4c5f4cc5
  > Building dumb-jump...
  > Building dumb-jump > Cloning popup-el (for popup)...
    - Pinned to ede6a04187e79a29ef31d14760ac0d8d4c5f4cc5
  > Building dumb-jump > Building popup...
    INFO     Scraping files for loaddefs... 
    INFO     Scraping files for loaddefs...done
  > Building dumb-jump...
    INFO     Scraping files for loaddefs... 
    INFO     Scraping files for loaddefs...done
    GEN      dumb-jump-autoloads.el
  > Cloning eros...
    - Pinned to a9a92bdc6be0521a6a06eb464be55ed61946639c
  > Building eros...
    INFO     Scraping files for loaddefs... 
    INFO     Scraping files for loaddefs...done
    GEN      eros-autoloads.el
  > Cloning quickrun...
    - Pinned to 373634cf5143f9680164e27fa844d3b02408e917
  > Building quickrun...
  > Building quickrun > Cloning ht.el...
    - Pinned to 373634cf5143f9680164e27fa844d3b02408e917
  > Building quickrun > Building ht...
    INFO     Scraping files for loaddefs... 
    INFO     Scraping files for loaddefs...done
  > Building quickrun...
    INFO     Scraping files for loaddefs... 
    INFO     Scraping files for loaddefs...done
    GEN      quickrun-autoloads.el
  > Cloning flycheck-popup-tip...
    - Pinned to ef86aad907f27ca076859d8d9416f4f7727619c6
  > Building flycheck-popup-tip...
    INFO     Scraping files for loaddefs... 
    INFO     Scraping files for loaddefs...done
    GEN      flycheck-popup-tip-autoloads.el
  > Cloning git-modes...
    - Pinned to 3cc94974c09c43462dfbfbe20396a414352dbb92
  > Building git-modes...
    INFO     Scraping files for loaddefs... 
    INFO     Scraping files for loaddefs...done
    GEN      git-modes-autoloads.el
  > Cloning git-timemachine...
    - Pinned to 5ed73c3831cf6da10ba941e6abba708a86853e8f
  > Building git-timemachine...
    INFO     Scraping files for loaddefs... 
    INFO     Scraping files for loaddefs...done
    GEN      git-timemachine-autoloads.el
  > Cloning browse-at-remote...
    - Pinned to 76aa27dfd469fcae75ed7031bb73830831aaccbf
  > Building browse-at-remote...
    INFO     Scraping files for loaddefs... 
    INFO     Scraping files for loaddefs...done
    GEN      browse-at-remote-autoloads.el
  > Cloning vundo...
    - Pinned to 10d011fb05a9db0cc2f641e5b5bebe4b5fb81b6f
  > Building vundo...
    INFO     Scraping files for loaddefs... 
    INFO     Scraping files for loaddefs...done
    GEN      vundo-autoloads.el
  > Cloning emacs-undo-fu-session...
    - Checked out 2b355c9d39b2688f859a762f2289f23fd16fadc4
  > Building undo-fu-session...
    INFO     Scraping files for loaddefs... 
    INFO     Scraping files for loaddefs...done
    GEN      undo-fu-session-autoloads.el
  > Cloning emacs-undo-fu...
    - Checked out 04961ba775142627c5fa4bb94c3e507afedaecd1
  > Building undo-fu...
    INFO     Scraping files for loaddefs... 
    INFO     Scraping files for loaddefs...done
    GEN      undo-fu-autoloads.el
  > Cloning fd-dired...
    - Pinned to 458464771bb220b6eb87ccfd4c985c436e57dc7e
  > Building fd-dired...
    INFO     Scraping files for loaddefs... 
    INFO     Scraping files for loaddefs...done
    GEN      fd-dired-autoloads.el
  > Cloning dired-rsync...
    - Pinned to 5bcb851f3bf9c4f7c07299fcc25be7c408a68cda
  > Building dired-rsync...
    INFO     Scraping files for loaddefs... 
    INFO     Scraping files for loaddefs...done
    GEN      dired-rsync-autoloads.el
  > Cloning dired-git-info...
    - Pinned to 6b6f2a5d716debba9a7dcac623d5a1e4c799eb62
  > Building dired-git-info...
    INFO     Scraping files for loaddefs... 
    INFO     Scraping files for loaddefs...done
    GEN      dired-git-info-autoloads.el
  > Cloning diredfl...
    - Pinned to f6d599c30875ab4894c1deab9713ff2faea54e06
  > Building diredfl...
    INFO     Scraping files for loaddefs... 
    INFO     Scraping files for loaddefs...done
    GEN      diredfl-autoloads.el
  > Cloning snippets (for doom-snippets)...
    - Checked out c1384cc7975ee7ca7d551eb56c104d768440c3cb
  > Building doom-snippets...
  > Building doom-snippets > Cloning yasnippet...
    - Checked out eb5ba2664c3a68ae4a53bb38b85418dd131b208f
  > Building doom-snippets > Building yasnippet...
    INFO     Scraping files for loaddefs... 
    INFO     Scraping files for loaddefs...done
    GEN      yasnippet-autoloads.el
  > Building doom-snippets...
    INFO     Scraping files for loaddefs... 
    INFO     Scraping files for loaddefs...done
    GEN      doom-snippets-autoloads.el
  > Cloning auto-yasnippet...
    - Pinned to 6a9e406d0d7f9dfd6dff7647f358cb05a0b1637e
  > Building auto-yasnippet...
    INFO     Scraping files for loaddefs... 
    INFO     Scraping files for loaddefs...done
    GEN      auto-yasnippet-autoloads.el
  > Cloning evil-vimish-fold...
    - Pinned to b6e0e6b91b8cd047e80debef1a536d9d49eef31a
  > Building evil-vimish-fold...
  > Building evil-vimish-fold > Cloning vimish-fold...
    - Pinned to b6e0e6b91b8cd047e80debef1a536d9d49eef31a
  > Building evil-vimish-fold > Building vimish-fold...
    INFO     Scraping files for loaddefs... 
    INFO     Scraping files for loaddefs...done
    GEN      vimish-fold-autoloads.el
  > Building evil-vimish-fold...
    INFO     Scraping files for loaddefs... 
    INFO     Scraping files for loaddefs...done
    GEN      evil-vimish-fold-autoloads.el
  > Cloning evil-collection...
    - Pinned to ca977acb83c0dd01fc57dbc6f3d3111e89f4ec9d
  > Building evil-collection...
  > Building evil-collection > Cloning annalist.el...
    - Pinned to ca977acb83c0dd01fc57dbc6f3d3111e89f4ec9d
  > Building evil-collection > Building annalist...
    INFO     Scraping files for loaddefs... 
    INFO     Scraping files for loaddefs...done
    GEN      annalist-autoloads.el
  > Building evil-collection...
    INFO     Scraping files for loaddefs... 
    INFO     Scraping files for loaddefs...done
    GEN      evil-collection-autoloads.el
  > Cloning evil-quick-diff...
    - Pinned to 69c883720b30a892c63bc89f49d4f0e8b8028908
  > Building evil-quick-diff...
    INFO     Scraping files for loaddefs... 
    INFO     Scraping files for loaddefs...done
    GEN      evil-quick-diff-autoloads.el
  > Cloning exato...
    - Pinned to aee7af7b7a0e7551478f453d1de7d5b9cb2e06c4
  > Building exato...
    INFO     Scraping files for loaddefs... 
    INFO     Scraping files for loaddefs...done
  > Cloning evil-visualstar...
    - Pinned to 06c053d8f7381f91c53311b1234872ca96ced752
  > Building evil-visualstar...
    INFO     Scraping files for loaddefs... 
    INFO     Scraping files for loaddefs...done
    GEN      evil-visualstar-autoloads.el
  > Cloning evil-traces...
    - Pinned to 82e8a7b4213aed140f6eb5f2cc33a09bb5587166
  > Building evil-traces...
    INFO     Scraping files for loaddefs... 
    INFO     Scraping files for loaddefs...done
    GEN      evil-traces-autoloads.el
  > Cloning evil-textobj-anyblock...
    - Pinned to 29280cd71a05429364cdceef2ff595ae8afade4d
  > Building evil-textobj-anyblock...
    INFO     Scraping files for loaddefs... 
    INFO     Scraping files for loaddefs...done
    GEN      evil-textobj-anyblock-autoloads.el
  > Cloning evil-surround...
    - Pinned to da05c60b0621cf33161bb4335153f75ff5c29d91
  > Building evil-surround...
    INFO     Scraping files for loaddefs... 
    INFO     Scraping files for loaddefs...done
    GEN      evil-surround-autoloads.el
  > Cloning evil-snipe...
    - Pinned to c2108d3932fcd2f75ac3e48250d6badd668f5b4f
  > Building evil-snipe...
    INFO     Scraping files for loaddefs... 
    INFO     Scraping files for loaddefs...done
    GEN      evil-snipe-autoloads.el
  > Cloning evil-numbers...
    - Pinned to 7a1b62afc12da2b582bf84d722e7b10ca8b97065
  > Building evil-numbers...
    INFO     Scraping files for loaddefs... 
    INFO     Scraping files for loaddefs...done
    GEN      evil-numbers-autoloads.el
  > Cloning evil-nerd-commenter...
    - Pinned to ae52c5070a48793e2c24474c9c8dbf20175d18a0
  > Building evil-nerd-commenter...
    INFO     Scraping files for loaddefs... 
    INFO     Scraping files for loaddefs...done
    GEN      evil-nerd-commenter-autoloads.el
  > Cloning evil-lion...
    - Pinned to 1e838a53b8f18a3c8bdf3e952186abc2ee9cb98e
  > Building evil-lion...
    INFO     Scraping files for loaddefs... 
    INFO     Scraping files for loaddefs...done
    GEN      evil-lion-autoloads.el
  > Cloning evil-indent-plus...
    - Pinned to f392696e4813f1d3a92c7eeed333248914ba6dae
  > Building evil-indent-plus...
    INFO     Scraping files for loaddefs... 
    INFO     Scraping files for loaddefs...done
    GEN      evil-indent-plus-autoloads.el
  > Cloning evil-exchange...
    - Pinned to 5f0a2d41434c17c6fb02e4f744043775de1c63a2
  > Building evil-exchange...
    INFO     Scraping files for loaddefs... 
    INFO     Scraping files for loaddefs...done
    GEN      evil-exchange-autoloads.el
  > Cloning evil-escape...
    - Pinned to 819f1ee1cf3f69a1ae920e6004f2c0baeebbe077
  > Building evil-escape...
    INFO     Scraping files for loaddefs... 
    INFO     Scraping files for loaddefs...done
    GEN      evil-escape-autoloads.el
  > Cloning evil-embrace.el...
    - Checked out 3081d37811b6a3dfaaf01d578c7ab7a746c6064d
  > Building evil-embrace...
  > Building evil-embrace > Cloning embrace.el...
  > Building evil-embrace > Building embrace...
  > Building evil-embrace > Building embrace > Cloning expand-region.el...
  > Building evil-embrace > Building embrace > Building expand-region...
    INFO     Scraping files for loaddefs... 
    INFO     Scraping files for loaddefs...done
    GEN      expand-region-autoloads.el
  > Building evil-embrace > Building embrace...
    INFO     Scraping files for loaddefs... 
    INFO     Scraping files for loaddefs...done
    GEN      embrace-autoloads.el
  > Building evil-embrace...
    INFO     Scraping files for loaddefs... 
    INFO     Scraping files for loaddefs...done
    GEN      evil-embrace-autoloads.el
  > Cloning evil-easymotion...
    - Pinned to f96c2ed38ddc07908db7c3c11bcd6285a3e8c2e9
  > Building evil-easymotion...
    INFO     Scraping files for loaddefs... 
    INFO     Scraping files for loaddefs...done
    GEN      evil-easymotion-autoloads.el
  > Cloning evil-args...
    - Pinned to a8151556f63c9d45d0c44c8a7ef9e5a542f3cdc7
  > Building evil-args...
    INFO     Scraping files for loaddefs... 
    INFO     Scraping files for loaddefs...done
    GEN      evil-args-autoloads.el
  > Cloning persp-mode.el...
    - Checked out 345baaa520ab2d62205f85cc5f29d57d6063c141
  > Building persp-mode...
    INFO     Scraping files for loaddefs... 
    INFO     Scraping files for loaddefs...done
    GEN      persp-mode-autoloads.el
  > Cloning vi-tilde-fringe...
    - Pinned to f1597a8d54535bb1d84b442577b2024e6f910308
  > Building vi-tilde-fringe...
    INFO     Scraping files for loaddefs... 
    INFO     Scraping files for loaddefs...done
    GEN      vi-tilde-fringe-autoloads.el
  > Cloning git-gutter-fringe...
    - Pinned to 648cb5b57faec55711803cdc9434e55a733c3eba
  > Building git-gutter-fringe...
  > Building git-gutter-fringe > Cloning git-gutter...
    - Pinned to 648cb5b57faec55711803cdc9434e55a733c3eba
  > Building git-gutter-fringe > Building git-gutter...
    INFO     Scraping files for loaddefs... 
    INFO     Scraping files for loaddefs...done
    GEN      git-gutter-autoloads.el
  > Building git-gutter-fringe > Cloning fringe-helper.el...
    - Pinned to 648cb5b57faec55711803cdc9434e55a733c3eba
  > Building git-gutter-fringe > Building fringe-helper...
    INFO     Scraping files for loaddefs... 
    INFO     Scraping files for loaddefs...done
  > Building git-gutter-fringe...
    INFO     Scraping files for loaddefs... 
    INFO     Scraping files for loaddefs...done
  > Cloning evil-goggles...
    - Pinned to 34ca276a85f615d2b45e714c9f8b5875bcb676f3
  > Building evil-goggles...
    INFO     Scraping files for loaddefs... 
    INFO     Scraping files for loaddefs...done
    GEN      evil-goggles-autoloads.el
  > Cloning evil-anzu...
    - Pinned to d1e98ee6976437164627542909a25c6946497899
  > Building evil-anzu...
  > Building evil-anzu > Cloning anzu...
    - Pinned to d1e98ee6976437164627542909a25c6946497899
  > Building evil-anzu > Building anzu...
    INFO     Scraping files for loaddefs... 
    INFO     Scraping files for loaddefs...done
    GEN      anzu-autoloads.el
  > Building evil-anzu...
    INFO     Scraping files for loaddefs... 
    INFO     Scraping files for loaddefs...done
  > Cloning doom-modeline...
    - Pinned to e09b8e989fa5fc1d98320aaa29d7138631b20ae5
  > Building doom-modeline...
  > Building doom-modeline > Cloning nerd-icons.el...
    - Pinned to e09b8e989fa5fc1d98320aaa29d7138631b20ae5
  > Building doom-modeline > Building nerd-icons...
    INFO     Scraping files for loaddefs... 
    INFO     Scraping files for loaddefs...done
    GEN      nerd-icons-autoloads.el
  > Building doom-modeline > Cloning shrink-path.el...
    - Pinned to e09b8e989fa5fc1d98320aaa29d7138631b20ae5
  > Building doom-modeline > Building shrink-path...
    INFO     Scraping files for loaddefs... 
    INFO     Scraping files for loaddefs...done
  > Building doom-modeline...
    INFO     Scraping files for loaddefs... 
    INFO     Scraping files for loaddefs...done
    GEN      doom-modeline-autoloads.el
  > Cloning emacs-solaire-mode...
    - Checked out 8ccdceeb9298b3c4e35f630914f467bf164f39ad
  > Building solaire-mode...
    INFO     Scraping files for loaddefs... 
    INFO     Scraping files for loaddefs...done
    GEN      solaire-mode-autoloads.el
  > Cloning themes (for doom-themes)...
    - Checked out 3b2422b208d28e8734b300cd3cc6a7f4af5eba55
  > Building doom-themes...
    INFO     Scraping files for loaddefs... 
    INFO     Scraping files for loaddefs...done
    GEN      doom-themes-autoloads.el
  > Cloning consult-yasnippet...
    - Pinned to 834d39acfe8a7d2c304afbe4d649b9372118c756
  > Building consult-yasnippet...
  > Building consult-yasnippet > Cloning consult...
    - Pinned to 834d39acfe8a7d2c304afbe4d649b9372118c756
  > Building consult-yasnippet > Building consult...
    INFO     Scraping files for loaddefs... 
    INFO     Scraping files for loaddefs...done
    GEN      consult-autoloads.el
  > Building consult-yasnippet...
    INFO     Scraping files for loaddefs... 
    INFO     Scraping files for loaddefs...done
    GEN      consult-yasnippet-autoloads.el
  > Cloning Emacs-wgrep (for wgrep)...
    - Checked out 208b9d01cfffa71037527e3a324684b3ce45ddc4
  > Building wgrep...
    INFO     Scraping files for loaddefs... 
    INFO     Scraping files for loaddefs...done
    GEN      wgrep-autoloads.el
  > Cloning marginalia...
    - Pinned to 3275d1f85cb020280979a050054b843f7563aea2
  > Building marginalia...
    INFO     Scraping files for loaddefs... 
    INFO     Scraping files for loaddefs...done
    GEN      marginalia-autoloads.el
  > Cloning embark (for embark-consult)...
    - Checked out d3c9d1b4c890cf365846cc2b418f37341999e79f
  > Building embark-consult...
  > Building embark-consult > Building embark...
    INFO     Scraping files for loaddefs... 
    INFO     Scraping files for loaddefs...done
    GEN      embark-autoloads.el
  > Building embark-consult...
    INFO     Scraping files for loaddefs... 
    INFO     Scraping files for loaddefs...done
  > Cloning consult-flycheck...
    - Pinned to 754f5497d827f7d58009256a21af614cc44378a3
  > Building consult-flycheck...
    INFO     Scraping files for loaddefs... 
    INFO     Scraping files for loaddefs...done
    GEN      consult-flycheck-autoloads.el
  > Cloning consult-dir...
    - Pinned to 3f5f4b71ebe819392cb090cda71bd39a93bd830a
  > Building consult-dir...
    INFO     Scraping files for loaddefs... 
    INFO     Scraping files for loaddefs...done
    GEN      consult-dir-autoloads.el
  > Cloning orderless...
    - Pinned to ac4aeb66f331f4c4a430d5556071e33177304c37
  > Building orderless...
    INFO     Scraping files for loaddefs... 
    INFO     Scraping files for loaddefs...done
    GEN      orderless-autoloads.el
  > Cloning vertico...
    - Pinned to 68e51fda552a2f91caab69e83564bc91275b09b1
  > Building vertico...
    INFO     Scraping files for loaddefs... 
    INFO     Scraping files for loaddefs...done
    GEN      vertico-autoloads.el
  > Cloning emacs-company-dict...
    - Checked out cd7b8394f6014c57897f65d335d6b2bd65dab1f4
  > Building company-dict...
  > Building company-dict > Cloning parent-mode...
  > Building company-dict > Building parent-mode...
    INFO     Scraping files for loaddefs... 
    INFO     Scraping files for loaddefs...done
  > Building company-dict...
    INFO     Scraping files for loaddefs... 
    INFO     Scraping files for loaddefs...done
    GEN      company-dict-autoloads.el
  > Cloning emacs-which-key...
    - Checked out 96911a1d3faf8426a33241f4821319e98421f380
  > Building which-key...
    INFO     Scraping files for loaddefs... 
    INFO     Scraping files for loaddefs...done
    GEN      which-key-autoloads.el
  > Cloning general.el...
    - Checked out ced143c30de8e20f5a3761a465e684a1dc48471e
  > Building general...
    INFO     Scraping files for loaddefs... 
    INFO     Scraping files for loaddefs...done
    GEN      general-autoloads.el
  > Cloning project...
    - Pinned to b6989856abe9411872bdff5c8aa190bef4d86409
  > Building project...
  > Building project > Cloning xref...
    - Pinned to b6989856abe9411872bdff5c8aa190bef4d86409
  > Building project > Building xref...
    INFO     Scraping files for loaddefs... 
    INFO     Scraping files for loaddefs...done
    GEN      xref-autoloads.el
  > Building project...
    INFO     Scraping files for loaddefs... 
    INFO     Scraping files for loaddefs...done
    GEN      project-autoloads.el
  > Cloning projectile...
    - Pinned to 0163b335a18af0f077a474d4dc6b36e22b5e3274
  > Building projectile...
    INFO     Scraping files for loaddefs... 
    INFO     Scraping files for loaddefs...done
    GEN      projectile-autoloads.el
  > Cloning ws-butler...
    - Pinned to 572a10c11b6cb88293de48acbb59a059d36f9ba5
  > Building ws-butler...
    INFO     Scraping files for loaddefs... 
    INFO     Scraping files for loaddefs...done
    GEN      ws-butler-autoloads.el
  > Cloning smartparens...
    - Pinned to ddc6233ea6fc2da7a3a8e44face465c15631b02b
  > Building smartparens...
    INFO     Scraping files for loaddefs... 
    INFO     Scraping files for loaddefs...done
    GEN      smartparens-autoloads.el
  > Cloning helpful...
    - Pinned to a32a5b3d959a7fccf09a71d97b3d7c888ac31c69
  > Building helpful...
  > Building helpful > Cloning elisp-refs...
    - Pinned to a32a5b3d959a7fccf09a71d97b3d7c888ac31c69
  > Building helpful > Building elisp-refs...
    INFO     Scraping files for loaddefs... 
    INFO     Scraping files for loaddefs...done
    GEN      elisp-refs-autoloads.el
  > Building helpful...
    INFO     Scraping files for loaddefs... 
    INFO     Scraping files for loaddefs...done
    GEN      helpful-autoloads.el
  > Cloning dtrt-indent...
    - Pinned to 5d1b44f9a1a484ca229cc14f8062609a10ef4891
  > Building dtrt-indent...
    INFO     Scraping files for loaddefs... 
    INFO     Scraping files for loaddefs...done
    GEN      dtrt-indent-autoloads.el
  > Cloning better-jumper...
    - Pinned to 47622213783ece37d5337dc28d33b530540fc319
  > Building better-jumper...
    INFO     Scraping files for loaddefs... 
    INFO     Scraping files for loaddefs...done
    GEN      better-jumper-autoloads.el
  > Cloning restart-emacs...
    - Pinned to 1607da2bc657fe05ae01f7fdf26f716eafead02c
  > Building restart-emacs...
    INFO     Scraping files for loaddefs... 
    INFO     Scraping files for loaddefs...done
    GEN      restart-emacs-autoloads.el
  > Cloning rainbow-delimiters...
    - Pinned to f40ece58df8b2f0fb6c8576b527755a552a5e763
  > Building rainbow-delimiters...
    INFO     Scraping files for loaddefs... 
    INFO     Scraping files for loaddefs...done
    GEN      rainbow-delimiters-autoloads.el
  > Cloning highlight-numbers...
    - Pinned to 8b4744c7f46c72b1d3d599d4fb75ef8183dee307
  > Building highlight-numbers...
    INFO     Scraping files for loaddefs... 
    INFO     Scraping files for loaddefs...done
    GEN      highlight-numbers-autoloads.el
  > Cloning emacs-hide-mode-line...
    - Checked out bc5d293576c5e08c29e694078b96a5ed85631942
  > Building hide-mode-line...
    INFO     Scraping files for loaddefs... 
    INFO     Scraping files for loaddefs...done
    GEN      hide-mode-line-autoloads.el
  > Cloning gcmh...
    - Pinned to 0089f9c3a6d4e9a310d0791cf6fa8f35642ecfd9
  > Building gcmh...
    INFO     Scraping files for loaddefs... 
    INFO     Scraping files for loaddefs...done
    GEN      gcmh-autoloads.el
  > Cloning auto-minor-mode...
    - Pinned to 17cfa1b54800fdef2975c0c0531dad34846a5065
  > Building auto-minor-mode...
    INFO     Scraping files for loaddefs... 
    INFO     Scraping files for loaddefs...done
    GEN      auto-minor-mode-autoloads.el
  > Cloning use-package...
    - Pinned to a6e856418d2ebd053b34e0ab2fda328abeba731c
  > Building use-package...
  > Building use-package > Building bind-key...
    INFO     Scraping files for loaddefs... 
    INFO     Scraping files for loaddefs...done
    GEN      bind-key-autoloads.el
  > Building use-package...
    INFO     Scraping files for loaddefs... 
    INFO     Scraping files for loaddefs...done
    GEN      use-package-autoloads.el
  > Building straight...
    INFO     Scraping files for loaddefs... 
    INFO     Scraping files for loaddefs...done
    GEN      straight-autoloads.el
  * 411.773470:*:cli:Compiling /usr/share/emacs/29.3/lisp/jka-cmpr-hook.el
  * 411.775548:*:cli:Compiling /usr/share/emacs/site-lisp/libidn/punycode.el
  * 411.775966:*:cli:Compiling /usr/share/emacs/site-lisp/libidn/idna.el
  * 411.776626:*:cli:Compiling /usr/share/emacs/site-lisp/cmake/cmake-mode.el
  * 411.777240:*:cli:Compiling /usr/share/emacs/site-lisp/cmake/cmake-mode.el
  * 411.777312:*:cli:Compiling /usr/share/emacs/site-lisp/libidn/punycode.el
  * 411.777372:*:cli:Compiling /usr/share/emacs/site-lisp/libidn/idna.el
  > Natively compiling 4 files...
  > Natively compiling 3 files...
  > Natively compiling 1 files...
  ✓ Built 134 package(s)
Regenerating autoloads files
> (Re)building profile in /var/home/ashahid/.config/emacs/.local/etc/...
  > Deleting old init files...
  > Generating 4 init files...
  > Byte-compiling /var/home/ashahid/.config/emacs/.local/etc/@init.29.el...
  ✓ Built init.29.elc
Deploying commit-msg and pre-push git hooks
  * 412.752835:*:cli:call: (doom env) -> (doom ci deploy-hooks)
  * 412.752914:*:cli:context-parse: found command (doom)
  * 412.753089:*:cli:load: autoload /var/home/ashahid/.config/emacs/lisp/cli/ci.el
  * 412.753109:*:cli:load: /var/home/ashahid/.config/emacs/lisp/cli/ci.el nil
  * 412.756375:*:cli:context-parse: found command (doom ci)
  * 412.756554:*:cli:context-parse: found command (doom ci deploy-hooks)
  * 412.756726:*:cli:context-execute: doom ci deploy-hooks
  * 412.756922:*:cli:execute: (:before) ((input) (context . #s(doom-cli-context (26185 28140 821309 512000) 25446 0 (137 . 65) nil nil doom nil nil (doom ci deploy-hooks) nil (install) ((--deny) (-d) (--allow) (-a) (-o) (--deny-all) (--allow-all) (--hooks) (--fonts) (--install) (--env) (--config) (--eval) (-E) (--strict-load) (--load) (-L) (--color) (--benchmark) (--profile) (--pager) (--emacsdir) (--doomdir) (--verbose) (-v) (--debug) (-D) (--force) (-!)) ((t) ((doom ci deploy-hooks)) ((doom ci) deploy-hooks) ((doom) ci deploy-hooks))  *doom-cli stdin*  *doom-cli stdout*  *doom-cli stderr* nil)) (_) (evals) (loads) (color?) (bench?) (profile) (pager) (emacsdir) (doomdir) (verbose?) (debug?) (force?))
  * 412.756957:*:cli:execute: (doom ci deploy-hooks) ((force))
    ✓ Created /var/home/ashahid/.config/emacs/.git/hooks/commit-msg
    ✓ Created /var/home/ashahid/.config/emacs/.git/hooks/pre-push
✓  Finished! Doom is ready to go!

But before you doom yourself, here are some things you should know:

1. Don't forget to run 'doom sync', then restart Emacs, after modifying init.el
   or packages.el in ~/.config/doom.

   This command ensures needed packages are installed, orphaned packages are
   removed, and your autoloads/cache files are up to date. When in doubt, run
   'doom sync'!

2. If something goes wrong, run `doom doctor`. It diagnoses common issues with
   your environment and setup, and may offer clues about what is wrong.

3. Use 'doom upgrade' to update Doom. Doing it any other way will require
   additional steps. Run 'doom help upgrade' to understand those extra steps.

4. Access Doom's documentation from within Emacs via 'SPC h d h' or 'C-h d h'
   (or 'M-x doom/help')

Have fun!

* 412.769508:*:cli:Finished (GCs: 2, elapsed: 0.392788s)
* 412.769508:*:cli:Finished (GCs: 2, elapsed: 0.392788s)
✓ Finished in 6m 52s
